<?xml version="1.0" encoding="UTF-8"?>
<testsuite name="TestSuite" time="22.206" tests="1" errors="0" skipped="0" failures="0">
  <properties>
    <property name="java.vendor" value="Oracle Corporation"/>
    <property name="JOB_NAME" value="WebdriverTest"/>
    <property name="localRepository" value="C:\windows\system32\config\systemprofile\.m2\repository"/>
    <property name="sun.java.launcher" value="SUN_STANDARD"/>
    <property name="NUMBER_OF_PROCESSORS" value="8"/>
    <property name="sun.management.compiler" value="HotSpot 64-Bit Tiered Compilers"/>
    <property name="JENKINS_HOME" value="C:\Users\Ullas Naik\.jenkins"/>
    <property name="jnidispatch.path" value="C:\windows\TEMP\jna--1788972675\jna909044927130781198.dll"/>
    <property name="HUDSON_SERVER_COOKIE" value="4b7f2c9b37cbd7a0"/>
    <property name="POM_ARTIFACTID" value="WebdriverTest"/>
    <property name="os.name" value="Windows 8.1"/>
    <property name="sun.boot.class.path" value="C:\Program Files\Java\jdk1.8.0_51\jre\lib\resources.jar;C:\Program Files\Java\jdk1.8.0_51\jre\lib\rt.jar;C:\Program Files\Java\jdk1.8.0_51\jre\lib\sunrsasign.jar;C:\Program Files\Java\jdk1.8.0_51\jre\lib\jsse.jar;C:\Program Files\Java\jdk1.8.0_51\jre\lib\jce.jar;C:\Program Files\Java\jdk1.8.0_51\jre\lib\charsets.jar;C:\Program Files\Java\jdk1.8.0_51\jre\lib\jfr.jar;C:\Program Files\Java\jdk1.8.0_51\jre\classes"/>
    <property name="EXECUTOR_NUMBER" value="0"/>
    <property name="sun.desktop" value="windows"/>
    <property name="PATHEXT" value=".COM;.EXE;.BAT;.CMD;.VBS;.VBE;.JS;.JSE;.WSF;.WSH;.MSC"/>
    <property name="HerokuPath" value="C:\Program Files (x86)\Heroku"/>
    <property name="java.vm.specification.vendor" value="Oracle Corporation"/>
    <property name="POM_DISPLAYNAME" value="WebdriverTest"/>
    <property name="NODE_LABELS" value="master"/>
    <property name="TEMP" value="C:\windows\TEMP"/>
    <property name="java.runtime.version" value="1.8.0_51-b16"/>
    <property name="user.name" value="ULLAS$"/>
    <property name="guice.disable.misplaced.annotation.check" value="true"/>
    <property name="CommonProgramW6432" value="C:\Program Files\Common Files"/>
    <property name="ProgramFiles" value="C:\Program Files"/>
    <property name="user.language" value="en"/>
    <property name="JOB_BASE_NAME" value="WebdriverTest"/>
    <property name="RUN_CHANGES_DISPLAY_URL" value="http://localhost:8080/job/WebdriverTest/24/display/redirect?page=changes"/>
    <property name="BUILD_DISPLAY_NAME" value="#24"/>
    <property name="sun.boot.library.path" value="C:\Program Files\Java\jdk1.8.0_51\jre\bin"/>
    <property name="VS110COMNTOOLS" value="C:\Program Files (x86)\Microsoft Visual Studio 11.0\Common7\Tools\"/>
    <property name="LOCALAPPDATA" value="C:\windows\system32\config\systemprofile\AppData\Local"/>
    <property name="java.version" value="1.8.0_51"/>
    <property name="PROCESSOR_LEVEL" value="6"/>
    <property name="user.timezone" value="Asia/Calcutta"/>
    <property name="USERNAME" value="ULLAS$"/>
    <property name="sun.arch.data.model" value="64"/>
    <property name="NODE_NAME" value="master"/>
    <property name="java.endorsed.dirs" value="C:\Program Files\Java\jdk1.8.0_51\jre\lib\endorsed"/>
    <property name="BUILD_ID" value="24"/>
    <property name="sun.cpu.isalist" value="amd64"/>
    <property name="sun.jnu.encoding" value="Cp1252"/>
    <property name="file.encoding.pkg" value="sun.io"/>
    <property name="file.separator" value="\"/>
    <property name="java.specification.name" value="Java Platform API Specification"/>
    <property name="java.class.version" value="52.0"/>
    <property name="org.slf4j.simpleLogger.defaultLogLevel" value="info"/>
    <property name="user.country" value="US"/>
    <property name="ALLUSERSPROFILE" value="C:\ProgramData"/>
    <property name="java.home" value="C:\Program Files\Java\jdk1.8.0_51\jre"/>
    <property name="java.vm.info" value="mixed mode"/>
    <property name="os.version" value="6.3"/>
    <property name="RUN_DISPLAY_URL" value="http://localhost:8080/job/WebdriverTest/24/display/redirect"/>
    <property name="POM_VERSION" value="0.0.1-SNAPSHOT"/>
    <property name="webdriver.chrome.driver" value="D://Softwares//chromedriver.exe"/>
    <property name="TMP" value="C:\windows\TEMP"/>
    <property name="path.separator" value=";"/>
    <property name="java.vm.version" value="25.51-b03"/>
    <property name="user.variant" value=""/>
    <property name="JOB_DISPLAY_URL" value="http://localhost:8080/job/WebdriverTest/display/redirect"/>
    <property name="CommonProgramFiles(x86)" value="C:\Program Files (x86)\Common Files"/>
    <property name="java.awt.printerjob" value="sun.awt.windows.WPrinterJob"/>
    <property name="FP_NO_HOST_CHECK" value="NO"/>
    <property name="JAVA_HOME" value="C:/Program Files/Java/jdk1.8.0_51/"/>
    <property name="sun.io.unicode.encoding" value="UnicodeLittle"/>
    <property name="CommonProgramFiles" value="C:\Program Files\Common Files"/>
    <property name="ComSpec" value="C:\windows\system32\cmd.exe"/>
    <property name="awt.toolkit" value="sun.awt.windows.WToolkit"/>
    <property name="POM_PACKAGING" value="jar"/>
    <property name="user.script" value=""/>
    <property name="SERVICE_ID" value="jenkins"/>
    <property name="COMPUTERNAME" value="ULLAS"/>
    <property name="POM_GROUPID" value="WebdriverTest"/>
    <property name="VBOX_MSI_INSTALL_PATH" value="C:\Program Files\Oracle\VirtualBox\"/>
    <property name="user.home" value="C:\windows\system32\config\systemprofile"/>
    <property name="PUBLIC" value="C:\Users\Public"/>
    <property name="BUILD_TAG" value="jenkins-WebdriverTest-24"/>
    <property name="JENKINS_SERVER_COOKIE" value="4b7f2c9b37cbd7a0"/>
    <property name="HUDSON_URL" value="http://localhost:8080/"/>
    <property name="ProgramData" value="C:\ProgramData"/>
    <property name="java.specification.vendor" value="Oracle Corporation"/>
    <property name="USERPROFILE" value="C:\windows\system32\config\systemprofile"/>
    <property name="CLASSPATH" value=""/>
    <property name="java.vendor.url" value="http://java.oracle.com/"/>
    <property name="java.library.path" value="C:\Program Files\Java\jdk1.8.0_51\bin;C:\windows\Sun\Java\bin;C:\windows\system32;C:\windows;C:\Users\Ullas Naik\.jenkins\tools\hudson.tasks.Maven_MavenInstallation\maven/bin;C:/Program Files/Java/jdk1.8.0_51//bin;C:/Program Files/Java/jdk1.8.0_51//bin;C:\oraclexe\app\oracle\product\11.2.0\server\bin;;C:\oraclexe\app\oracle\product\11.2.0\server\bin;C:\ProgramData\Oracle\Java\javapath;C:\windows\system32;C:\windows;C:\windows\System32\Wbem;C:\windows\System32\WindowsPowerShell\v1.0\;C:\Program Files\Java\jre1.8.0_51\bin;C:\Program Files\Java\jdk1.8.0_51\bin;C:\Android\sdk\tools;C:\Android\sdk\platform-tools;C:\Program Files\MongoDB\Server\3.2\bin;D:\Softwares\apache-maven-3.3.9\bin;C:\Program Files (x86)\Heroku\bin;C:\Program Files (x86)\git\cmd;D:\apache-tomcat-7.0\bin;;."/>
    <property name="java.vm.vendor" value="Oracle Corporation"/>
    <property name="APPDATA" value="C:\windows\system32\config\systemprofile\AppData\Roaming"/>
    <property name="java.runtime.name" value="Java(TM) SE Runtime Environment"/>
    <property name="maven.home" value="C:\Users\Ullas Naik\.jenkins\tools\hudson.tasks.Maven_MavenInstallation\maven"/>
    <property name="java.class.path" value="C:\Users\Ullas Naik\.jenkins\plugins\maven-plugin\WEB-INF\lib\maven33-agent-1.8.1.jar;C:\Users\Ullas Naik\.jenkins\tools\hudson.tasks.Maven_MavenInstallation\maven\boot\plexus-classworlds-2.5.2.jar;C:\Users\Ullas Naik\.jenkins\tools\hudson.tasks.Maven_MavenInstallation\maven/conf/logging"/>
    <property name="sun.java.command" value="jenkins.maven3.agent.Maven33Main C:\Users\Ullas Naik\.jenkins\tools\hudson.tasks.Maven_MavenInstallation\maven C:\Users\Ullas Naik\.jenkins\war\WEB-INF\lib\remoting-3.7.jar C:\Users\Ullas Naik\.jenkins\plugins\maven-plugin\WEB-INF\lib\maven33-interceptor-1.8.1.jar C:\Users\Ullas Naik\.jenkins\plugins\maven-plugin\WEB-INF\lib\maven3-interceptor-commons-1.8.1.jar 59604"/>
    <property name="Path" value="C:/Program Files/Java/jdk1.8.0_51//bin;C:\oraclexe\app\oracle\product\11.2.0\server\bin;;C:\oraclexe\app\oracle\product\11.2.0\server\bin;C:\ProgramData\Oracle\Java\javapath;C:\windows\system32;C:\windows;C:\windows\System32\Wbem;C:\windows\System32\WindowsPowerShell\v1.0\;C:\Program Files\Java\jre1.8.0_51\bin;C:\Program Files\Java\jdk1.8.0_51\bin;C:\Android\sdk\tools;C:\Android\sdk\platform-tools;C:\Program Files\MongoDB\Server\3.2\bin;D:\Softwares\apache-maven-3.3.9\bin;C:\Program Files (x86)\Heroku\bin;C:\Program Files (x86)\git\cmd;D:\apache-tomcat-7.0\bin;"/>
    <property name="java.vm.specification.name" value="Java Virtual Machine Specification"/>
    <property name="PROCESSOR_ARCHITECTURE" value="AMD64"/>
    <property name="PATH+JDK" value="C:/Program Files/Java/jdk1.8.0_51//bin"/>
    <property name="PROCESSOR_IDENTIFIER" value="Intel64 Family 6 Model 30 Stepping 5, GenuineIntel"/>
    <property name="java.vm.specification.version" value="1.8"/>
    <property name="sun.os.patch.level" value=""/>
    <property name="sun.cpu.endian" value="little"/>
    <property name="M2_HOME" value="C:\Users\Ullas Naik\.jenkins\tools\hudson.tasks.Maven_MavenInstallation\maven"/>
    <property name="surefire.test.class.path" value="F:\AdvancedWS\WebdriverTest\target\test-classes;F:\AdvancedWS\WebdriverTest\target\classes;C:\windows\system32\config\systemprofile\.m2\repository\junit\junit\3.8.1\junit-3.8.1.jar;C:\windows\system32\config\systemprofile\.m2\repository\org\seleniumhq\selenium\selenium-java\2.53.0\selenium-java-2.53.0.jar;C:\windows\system32\config\systemprofile\.m2\repository\org\seleniumhq\selenium\selenium-edge-driver\2.53.0\selenium-edge-driver-2.53.0.jar;C:\windows\system32\config\systemprofile\.m2\repository\commons-io\commons-io\2.4\commons-io-2.4.jar;C:\windows\system32\config\systemprofile\.m2\repository\org\apache\commons\commons-exec\1.3\commons-exec-1.3.jar;C:\windows\system32\config\systemprofile\.m2\repository\org\seleniumhq\selenium\selenium-firefox-driver\2.53.0\selenium-firefox-driver-2.53.0.jar;C:\windows\system32\config\systemprofile\.m2\repository\org\seleniumhq\selenium\selenium-ie-driver\2.53.0\selenium-ie-driver-2.53.0.jar;C:\windows\system32\config\systemprofile\.m2\repository\net\java\dev\jna\jna\4.1.0\jna-4.1.0.jar;C:\windows\system32\config\systemprofile\.m2\repository\net\java\dev\jna\jna-platform\4.1.0\jna-platform-4.1.0.jar;C:\windows\system32\config\systemprofile\.m2\repository\org\seleniumhq\selenium\selenium-safari-driver\2.53.0\selenium-safari-driver-2.53.0.jar;C:\windows\system32\config\systemprofile\.m2\repository\io\netty\netty\3.5.7.Final\netty-3.5.7.Final.jar;C:\windows\system32\config\systemprofile\.m2\repository\org\seleniumhq\selenium\selenium-support\2.53.0\selenium-support-2.53.0.jar;C:\windows\system32\config\systemprofile\.m2\repository\org\seleniumhq\selenium\selenium-leg-rc\2.53.0\selenium-leg-rc-2.53.0.jar;C:\windows\system32\config\systemprofile\.m2\repository\org\testng\testng\6.8\testng-6.8.jar;C:\windows\system32\config\systemprofile\.m2\repository\org\beanshell\bsh\2.0b4\bsh-2.0b4.jar;C:\windows\system32\config\systemprofile\.m2\repository\com\beust\jcommander\1.27\jcommander-1.27.jar;C:\windows\system32\config\systemprofile\.m2\repository\org\yaml\snakeyaml\1.6\snakeyaml-1.6.jar;C:\windows\system32\config\systemprofile\.m2\repository\org\seleniumhq\selenium\selenium-chrome-driver\3.3.1\selenium-chrome-driver-3.3.1.jar;C:\windows\system32\config\systemprofile\.m2\repository\org\seleniumhq\selenium\selenium-remote-driver\3.3.1\selenium-remote-driver-3.3.1.jar;C:\windows\system32\config\systemprofile\.m2\repository\org\seleniumhq\selenium\selenium-api\3.3.1\selenium-api-3.3.1.jar;C:\windows\system32\config\systemprofile\.m2\repository\cglib\cglib-nodep\3.2.4\cglib-nodep-3.2.4.jar;C:\windows\system32\config\systemprofile\.m2\repository\com\google\code\gson\gson\2.8.0\gson-2.8.0.jar;C:\windows\system32\config\systemprofile\.m2\repository\com\google\guava\guava\21.0\guava-21.0.jar;C:\windows\system32\config\systemprofile\.m2\repository\org\apache\httpcomponents\httpclient\4.5.2\httpclient-4.5.2.jar;C:\windows\system32\config\systemprofile\.m2\repository\org\apache\httpcomponents\httpcore\4.4.4\httpcore-4.4.4.jar;C:\windows\system32\config\systemprofile\.m2\repository\commons-logging\commons-logging\1.2\commons-logging-1.2.jar;C:\windows\system32\config\systemprofile\.m2\repository\commons-codec\commons-codec\1.9\commons-codec-1.9.jar;C:\windows\system32\config\systemprofile\.m2\repository\org\apache\maven\surefire\surefire-testng-utils\2.18.1\surefire-testng-utils-2.18.1.jar;C:\windows\system32\config\systemprofile\.m2\repository\org\apache\maven\surefire\surefire-grouper\2.18.1\surefire-grouper-2.18.1.jar;"/>
    <property name="java.io.tmpdir" value="C:\windows\TEMP\"/>
    <property name="OS" value="Windows_NT"/>
    <property name="HUDSON_HOME" value="C:\Users\Ullas Naik\.jenkins"/>
    <property name="PATH+MAVEN" value="C:\Users\Ullas Naik\.jenkins\tools\hudson.tasks.Maven_MavenInstallation\maven/bin"/>
    <property name="ProgramFiles(x86)" value="C:\Program Files (x86)"/>
    <property name="BUILD_URL" value="http://localhost:8080/job/WebdriverTest/24/"/>
    <property name="java.vendor.url.bug" value="http://bugreport.sun.com/bugreport/"/>
    <property name="MAVEN_OPTS" value="-Xmx512m -XX:MaxPermSize=128m"/>
    <property name="java.awt.graphicsenv" value="sun.awt.Win32GraphicsEnvironment"/>
    <property name="os.arch" value="amd64"/>
    <property name="SystemRoot" value="C:\windows"/>
    <property name="java.ext.dirs" value="C:\Program Files\Java\jdk1.8.0_51\jre\lib\ext;C:\windows\Sun\Java\lib\ext"/>
    <property name="user.dir" value="F:\AdvancedWS\WebdriverTest"/>
    <property name="JOB_URL" value="http://localhost:8080/job/WebdriverTest/"/>
    <property name="USERDOMAIN" value="WORKGROUP"/>
    <property name="line.separator" value="&#10;"/>
    <property name="MAVEN_HOME" value="C:\Users\Ullas Naik\.jenkins\tools\hudson.tasks.Maven_MavenInstallation\maven"/>
    <property name="java.vm.name" value="Java HotSpot(TM) 64-Bit Server VM"/>
    <property name="BUILD_NUMBER" value="24"/>
    <property name="BASE" value="C:\Users\Ullas Naik\.jenkins"/>
    <property name="ANDROID_HOME" value="C:\Android\sdk"/>
    <property name="JENKINS_URL" value="http://localhost:8080/"/>
    <property name="PROCESSOR_REVISION" value="1e05"/>
    <property name="basedir" value="F:\AdvancedWS\WebdriverTest"/>
    <property name="ProgramW6432" value="C:\Program Files"/>
    <property name="windir" value="C:\windows"/>
    <property name="file.encoding" value="Cp1252"/>
    <property name="SystemDrive" value="C:"/>
    <property name="maven3.interceptor" value="C:\Users\Ullas Naik\.jenkins\plugins\maven-plugin\WEB-INF\lib\maven33-interceptor-1.8.1.jar"/>
    <property name="WORKSPACE" value="C:\Users\Ullas Naik\.jenkins\workspace\WebdriverTest"/>
    <property name="maven3.interceptor.common" value="C:\Users\Ullas Naik\.jenkins\plugins\maven-plugin\WEB-INF\lib\maven3-interceptor-commons-1.8.1.jar"/>
    <property name="WINSW_EXECUTABLE" value="C:\Users\Ullas Naik\.jenkins\jenkins.exe"/>
    <property name="java.specification.version" value="1.8"/>
    <property name="PSModulePath" value="C:\windows\system32\WindowsPowerShell\v1.0\Modules\"/>
  </properties>
  <testcase name="testEasy" classname="examples.NewTest" time="22.206"/>
</testsuite>