<?xml version="1.0" encoding="UTF-8"?>
<!-- Generated by org.testng.reporters.JUnitReportReporter -->
<testsuite hostname="Ullas" name="examples.NewTest" tests="1" failures="0" timestamp="31 Mar 2017 08:37:12 GMT" time="13.452" errors="0">
  <testcase name="testEasy" time="13.452" classname="examples.NewTest"/>
</testsuite> <!-- examples.NewTest -->
