<?xml version="1.0" encoding="UTF-8"?>
<!-- Generated by org.testng.reporters.JUnitReportReporter -->
<testsuite hostname="Ullas" name="examples.NewTest" tests="1" failures="0" timestamp="1 Apr 2017 18:22:34 GMT" time="22.207" errors="0">
  <testcase name="testEasy" time="22.207" classname="examples.NewTest"/>
</testsuite> <!-- examples.NewTest -->
